<?xml version="1.0" encoding="UTF-8"?>
<testng-results ignored="6" total="8" passed="2" failed="0" skipped="0">
  <reporter-output>
  </reporter-output>
  <suite started-at="2022-04-27T13:44:14Z" name="Default suite" finished-at="2022-04-27T13:44:40Z" duration-ms="25201">
    <groups>
    </groups>
    <test started-at="2022-04-27T13:44:14Z" name="Default test" finished-at="2022-04-27T13:44:40Z" duration-ms="25201">
      <class name="testsTakeAlot.Tests">
        <test-method is-config="true" signature="setUp()[pri:0, instance:testsTakeAlot.Tests@25ddbbbb]" started-at="2022-04-27T13:44:14Z" name="setUp" finished-at="2022-04-27T13:44:21Z" duration-ms="6353" status="PASS">
          <reporter-output>
          </reporter-output>
        </test-method> <!-- setUp -->
        <test-method signature="GIVEN_useExcelSheetForData(java.lang.String, java.lang.String)[pri:0, instance:testsTakeAlot.Tests@25ddbbbb]" started-at="2022-04-27T13:44:24Z" name="GIVEN_useExcelSheetForData" data-provider="Brand and Quantity" finished-at="2022-04-27T13:44:31Z" duration-ms="7584" status="PASS">
          <params>
            <param index="0">
              <value>
                <![CDATA[dkny]]>
              </value>
            </param>
            <param index="1">
              <value>
                <![CDATA[3]]>
              </value>
            </param>
          </params>
          <reporter-output>
          </reporter-output>
        </test-method> <!-- GIVEN_useExcelSheetForData -->
        <test-method signature="GIVEN_useExcelSheetForData(java.lang.String, java.lang.String)[pri:0, instance:testsTakeAlot.Tests@25ddbbbb]" started-at="2022-04-27T13:44:31Z" name="GIVEN_useExcelSheetForData" data-provider="Brand and Quantity" finished-at="2022-04-27T13:44:40Z" duration-ms="8508" status="PASS">
          <params>
            <param index="0">
              <value>
                <![CDATA[boots]]>
              </value>
            </param>
            <param index="1">
              <value>
                <![CDATA[6]]>
              </value>
            </param>
          </params>
          <reporter-output>
          </reporter-output>
        </test-method> <!-- GIVEN_useExcelSheetForData -->
      </class> <!-- testsTakeAlot.Tests -->
    </test> <!-- Default test -->
  </suite> <!-- Default suite -->
</testng-results>
