<?xml version="1.0" encoding="UTF-8"?>
<!-- Generated by org.testng.reporters.JUnitXMLReporter -->
<testsuite ignored="6" hostname="HO-LT-177" failures="0" tests="2" name="Default test" time="25.201" errors="0" timestamp="27 Apr 2022 13:44:40 GMT">
  <testcase classname="testsTakeAlot.Tests" name="GIVEN_useExcelSheetForData" time="7.584"/>
  <testcase classname="testsTakeAlot.Tests" name="GIVEN_useExcelSheetForData" time="8.508"/>
  <testcase classname="testsTakeAlot.Tests" name="GIVEN_shopperAddstoCart" time="0.0">
    <ignored/>
  </testcase> <!-- GIVEN_shopperAddstoCart -->
  <testcase classname="testsTakeAlot.Tests" name="GIVEN_shopperDKNY_checkWishList" time="0.0">
    <ignored/>
  </testcase> <!-- GIVEN_shopperDKNY_checkWishList -->
  <testcase classname="testsTakeAlot.Tests" name="GIVEN_shopperOnLandingPage_WHEN_shopperEntersDKNYasTheSearchString_AND_shopperClicksTheSearchButton_THEN_DKNYBeDeliciousIsDisplayed" time="0.0">
    <ignored/>
  </testcase> <!-- GIVEN_shopperOnLandingPage_WHEN_shopperEntersDKNYasTheSearchString_AND_shopperClicksTheSearchButton_THEN_DKNYBeDeliciousIsDisplayed -->
  <testcase classname="testsTakeAlot.Tests" name="GIVEN_shopperDKNY_checkAmount" time="0.0">
    <ignored/>
  </testcase> <!-- GIVEN_shopperDKNY_checkAmount -->
  <testcase classname="testsTakeAlot.Tests" name="GIVEN_shopperOnLandingPage_WHEN_shopperEnterBOOTasTheSearchString_AND_shopperClicksTheSearchButton_THEN_BOOT" time="0.0">
    <ignored/>
  </testcase> <!-- GIVEN_shopperOnLandingPage_WHEN_shopperEnterBOOTasTheSearchString_AND_shopperClicksTheSearchButton_THEN_BOOT -->
  <testcase classname="testsTakeAlot.Tests" name="GIVEN_shopperDKNY_cartSummary" time="0.0">
    <ignored/>
  </testcase> <!-- GIVEN_shopperDKNY_cartSummary -->
</testsuite> <!-- Default test -->
